<?xml version="1.0" encoding="UTF-8"?>
<!-- Generated by org.testng.reporters.JUnitReportReporter -->
<testsuite skipped="0" hostname="DESKTOP-SP4L6T7" name="com.framework.testscript.SignInScripts" tests="1" failures="0" timestamp="2019-12-10T19:47:06 IST" time="155.206" errors="0">
  <testcase name="TC_01_SignIn" time="155.206" classname="com.framework.testscript.SignInScripts"/>
</testsuite> <!-- com.framework.testscript.SignInScripts -->
